
*****************************************************************
Make Synthetic Population
date   = 2016-Oct-29 at 23:38
*****************************************************************
    

Config Parameters:
  NP_reg_donation_pct_dollar_income: 2.0
  WF_pct_NP_initial: 7.0
  employed_income_Census_threshold: 10050
  gov_contract_NP_pct_total_income: 1.7
  gov_contract_SB_pct_total_income: 1.6
  gov_grant_NP_pct_total_income: 1.3
  gov_subsidy_SB_pct_total_income: 6.0
  gov_tax_rate: 19.2
  gov_tax_standard_deduction: 2500
  income_target_end_minimum: 21600
  labor_participation_rate: 65.0
  nonprofit_income_Census_threshold: 250000
  org_leakage_pct_revenue: 40.0
  population: 100000
  structural_unemployment_rate: 1.0




===========
ii= 0, unemployment rate= 3.000000

county income, mean = $27,379
county income, median = $16,200


family income, mean = $54,759
family income, median = $42,700

  percentile =   0,  person income = $          10
  percentile =   5,  person income = $       1,000
  percentile =  10,  person income = $       2,500
  percentile =  15,  person income = $       4,040
  percentile =  20,  person income = $       6,000
  percentile =  25,  person income = $       7,000
  percentile =  30,  person income = $       8,200
  percentile =  35,  person income = $      10,000
  percentile =  40,  person income = $      11,900
  percentile =  45,  person income = $      14,100
  percentile =  50,  person income = $      16,200
  percentile =  55,  person income = $      19,800
  percentile =  60,  person income = $      22,800
  percentile =  65,  person income = $      26,600
  percentile =  70,  person income = $      31,500
  percentile =  75,  person income = $      36,900
  percentile =  80,  person income = $      41,000
  percentile =  85,  person income = $      48,100
  percentile =  90,  person income = $      59,900
  percentile =  95,  person income = $      80,000
  percentile = 100,  person income = $     418,000


  percentile =   0,  family income = $         200
  percentile =   5,  family income = $       8,650
  percentile =  10,  family income = $      12,568
  percentile =  15,  family income = $      16,000
  percentile =  20,  family income = $      19,600
  percentile =  25,  family income = $      23,100
  percentile =  30,  family income = $      26,700
  percentile =  35,  family income = $      30,600
  percentile =  40,  family income = $      34,600
  percentile =  45,  family income = $      38,700
  percentile =  50,  family income = $      42,700
  percentile =  55,  family income = $      46,900
  percentile =  60,  family income = $      51,200
  percentile =  65,  family income = $      56,000
  percentile =  70,  family income = $      61,600
  percentile =  75,  family income = $      68,200
  percentile =  80,  family income = $      76,300
  percentile =  85,  family income = $      87,000
  percentile =  90,  family income = $     102,030
  percentile =  95,  family income = $     133,500
  percentile = 100,  family income = $     668,000


len bins=  135

Max = 668,000.0, max bin=670,000.0
hist:
 [902, 2330, 3377, 3590, 3524, 3321, 3129, 2996, 3135, 2914, 2684, 2286, 2080, 1740, 1553, 1349, 1181, 939, 872, 728, 664, 580, 482, 362, 326, 264, 248, 200, 190, 135, 139, 113, 90, 60, 58, 77, 67, 38, 35, 44, 32, 31, 31, 39, 37, 29, 51, 33, 41, 23, 26, 28, 26, 29, 10, 13, 17, 11, 9, 3, 8, 2, 2, 1, 28, 34, 55, 54, 76, 79, 57, 45, 38, 32, 33, 23, 21, 16, 13, 6, 12, 4, 2, 3, 4, 7, 4, 3, 1, 0, 1, 3, 3, 0, 1, 0, 1, 0, 0, 1, 0, 0, 1, 0, 1, 1, 0, 1, 0, 0, 0, 0, 0, 1, 0, 0, 0, 0, 0, 0, 0, 0, 0, 0, 0, 0, 0, 0, 0, 0, 0, 0, 0, 1]
bin_edges:
 [0.0, 5000.0, 10000.0, 15000.0, 20000.0, 25000.0, 30000.0, 35000.0, 40000.0, 45000.0, 50000.0, 55000.0, 60000.0, 65000.0, 70000.0, 75000.0, 80000.0, 85000.0, 90000.0, 95000.0, 100000.0, 105000.0, 110000.0, 115000.0, 120000.0, 125000.0, 130000.0, 135000.0, 140000.0, 145000.0, 150000.0, 155000.0, 160000.0, 165000.0, 170000.0, 175000.0, 180000.0, 185000.0, 190000.0, 195000.0, 200000.0, 205000.0, 210000.0, 215000.0, 220000.0, 225000.0, 230000.0, 235000.0, 240000.0, 245000.0, 250000.0, 255000.0, 260000.0, 265000.0, 270000.0, 275000.0, 280000.0, 285000.0, 290000.0, 295000.0, 300000.0, 305000.0, 310000.0, 315000.0, 320000.0, 325000.0, 330000.0, 335000.0, 340000.0, 345000.0, 350000.0, 355000.0, 360000.0, 365000.0, 370000.0, 375000.0, 380000.0, 385000.0, 390000.0, 395000.0, 400000.0, 405000.0, 410000.0, 415000.0, 420000.0, 425000.0, 430000.0, 435000.0, 440000.0, 445000.0, 450000.0, 455000.0, 460000.0, 465000.0, 470000.0, 475000.0, 480000.0, 485000.0, 490000.0, 495000.0, 500000.0, 505000.0, 510000.0, 515000.0, 520000.0, 525000.0, 530000.0, 535000.0, 540000.0, 545000.0, 550000.0, 555000.0, 560000.0, 565000.0, 570000.0, 575000.0, 580000.0, 585000.0, 590000.0, 595000.0, 600000.0, 605000.0, 610000.0, 615000.0, 620000.0, 625000.0, 630000.0, 635000.0, 640000.0, 645000.0, 650000.0, 655000.0, 660000.0, 665000.0, 670000.0]


===========
ii= 1, unemployment rate= 5.000000

county income, mean = $27,024
county income, median = $16,000


family income, mean = $54,048
family income, median = $42,000

  percentile =   0,  person income = $          10
  percentile =   5,  person income = $       1,000
  percentile =  10,  person income = $       2,000
  percentile =  15,  person income = $       4,000
  percentile =  20,  person income = $       5,680
  percentile =  25,  person income = $       7,000
  percentile =  30,  person income = $       8,100
  percentile =  35,  person income = $       9,530
  percentile =  40,  person income = $      10,900
  percentile =  45,  person income = $      13,900
  percentile =  50,  person income = $      16,000
  percentile =  55,  person income = $      19,000
  percentile =  60,  person income = $      22,100
  percentile =  65,  person income = $      26,000
  percentile =  70,  person income = $      30,500
  percentile =  75,  person income = $      36,000
  percentile =  80,  person income = $      41,000
  percentile =  85,  person income = $      48,010
  percentile =  90,  person income = $      59,800
  percentile =  95,  person income = $      80,000
  percentile = 100,  person income = $     418,000


  percentile =   0,  family income = $          30
  percentile =   5,  family income = $       8,400
  percentile =  10,  family income = $      12,140
  percentile =  15,  family income = $      15,600
  percentile =  20,  family income = $      18,930
  percentile =  25,  family income = $      22,200
  percentile =  30,  family income = $      25,800
  percentile =  35,  family income = $      29,600
  percentile =  40,  family income = $      33,580
  percentile =  45,  family income = $      37,900
  percentile =  50,  family income = $      42,000
  percentile =  55,  family income = $      46,102
  percentile =  60,  family income = $      50,600
  percentile =  65,  family income = $      55,700
  percentile =  70,  family income = $      61,000
  percentile =  75,  family income = $      67,700
  percentile =  80,  family income = $      76,000
  percentile =  85,  family income = $      86,400
  percentile =  90,  family income = $     102,000
  percentile =  95,  family income = $     132,000
  percentile = 100,  family income = $     678,000


len bins=  137

Max = 678,000.0, max bin=680,000.0
hist:
 [969, 2432, 3546, 3807, 3671, 3246, 3118, 2859, 3078, 2826, 2537, 2342, 2064, 1682, 1513, 1268, 1193, 962, 890, 684, 691, 575, 478, 335, 328, 278, 252, 209, 157, 138, 126, 109, 84, 75, 68, 49, 41, 48, 43, 50, 35, 32, 32, 38, 40, 33, 38, 50, 29, 28, 18, 38, 27, 15, 18, 11, 6, 12, 7, 4, 5, 4, 0, 4, 34, 51, 59, 60, 64, 59, 57, 39, 38, 28, 23, 24, 22, 21, 15, 12, 6, 4, 3, 4, 5, 3, 2, 5, 2, 8, 1, 1, 0, 0, 1, 0, 0, 0, 0, 1, 0, 0, 0, 0, 0, 0, 0, 0, 0, 0, 2, 0, 0, 0, 0, 0, 0, 0, 0, 0, 0, 0, 0, 0, 0, 0, 0, 0, 0, 0, 0, 0, 0, 0, 0, 1]
bin_edges:
 [0.0, 5000.0, 10000.0, 15000.0, 20000.0, 25000.0, 30000.0, 35000.0, 40000.0, 45000.0, 50000.0, 55000.0, 60000.0, 65000.0, 70000.0, 75000.0, 80000.0, 85000.0, 90000.0, 95000.0, 100000.0, 105000.0, 110000.0, 115000.0, 120000.0, 125000.0, 130000.0, 135000.0, 140000.0, 145000.0, 150000.0, 155000.0, 160000.0, 165000.0, 170000.0, 175000.0, 180000.0, 185000.0, 190000.0, 195000.0, 200000.0, 205000.0, 210000.0, 215000.0, 220000.0, 225000.0, 230000.0, 235000.0, 240000.0, 245000.0, 250000.0, 255000.0, 260000.0, 265000.0, 270000.0, 275000.0, 280000.0, 285000.0, 290000.0, 295000.0, 300000.0, 305000.0, 310000.0, 315000.0, 320000.0, 325000.0, 330000.0, 335000.0, 340000.0, 345000.0, 350000.0, 355000.0, 360000.0, 365000.0, 370000.0, 375000.0, 380000.0, 385000.0, 390000.0, 395000.0, 400000.0, 405000.0, 410000.0, 415000.0, 420000.0, 425000.0, 430000.0, 435000.0, 440000.0, 445000.0, 450000.0, 455000.0, 460000.0, 465000.0, 470000.0, 475000.0, 480000.0, 485000.0, 490000.0, 495000.0, 500000.0, 505000.0, 510000.0, 515000.0, 520000.0, 525000.0, 530000.0, 535000.0, 540000.0, 545000.0, 550000.0, 555000.0, 560000.0, 565000.0, 570000.0, 575000.0, 580000.0, 585000.0, 590000.0, 595000.0, 600000.0, 605000.0, 610000.0, 615000.0, 620000.0, 625000.0, 630000.0, 635000.0, 640000.0, 645000.0, 650000.0, 655000.0, 660000.0, 665000.0, 670000.0, 675000.0, 680000.0]


===========
ii= 2, unemployment rate= 7.000000

county income, mean = $26,667
county income, median = $15,200


family income, mean = $53,333
family income, median = $41,000

  percentile =   0,  person income = $          10
  percentile =   5,  person income = $       1,000
  percentile =  10,  person income = $       2,000
  percentile =  15,  person income = $       4,000
  percentile =  20,  person income = $       5,400
  percentile =  25,  person income = $       6,800
  percentile =  30,  person income = $       8,000
  percentile =  35,  person income = $       9,000
  percentile =  40,  person income = $      10,300
  percentile =  45,  person income = $      13,000
  percentile =  50,  person income = $      15,200
  percentile =  55,  person income = $      18,400
  percentile =  60,  person income = $      21,500
  percentile =  65,  person income = $      25,200
  percentile =  70,  person income = $      30,000
  percentile =  75,  person income = $      35,030
  percentile =  80,  person income = $      40,020
  percentile =  85,  person income = $      48,000
  percentile =  90,  person income = $      59,600
  percentile =  95,  person income = $      80,000
  percentile = 100,  person income = $     418,000


  percentile =   0,  family income = $         100
  percentile =   5,  family income = $       8,020
  percentile =  10,  family income = $      11,600
  percentile =  15,  family income = $      14,900
  percentile =  20,  family income = $      18,100
  percentile =  25,  family income = $      21,600
  percentile =  30,  family income = $      25,000
  percentile =  35,  family income = $      28,700
  percentile =  40,  family income = $      32,500
  percentile =  45,  family income = $      36,800
  percentile =  50,  family income = $      41,000
  percentile =  55,  family income = $      45,300
  percentile =  60,  family income = $      50,000
  percentile =  65,  family income = $      54,800
  percentile =  70,  family income = $      60,213
  percentile =  75,  family income = $      67,000
  percentile =  80,  family income = $      75,000
  percentile =  85,  family income = $      85,500
  percentile =  90,  family income = $     100,600
  percentile =  95,  family income = $     132,000
  percentile = 100,  family income = $     574,000


len bins=  116

Max = 574,000.0, max bin=575,000.0
hist:
 [1105, 2583, 3863, 3738, 3650, 3369, 3112, 2851, 2983, 2711, 2590, 2223, 1974, 1672, 1494, 1282, 1154, 958, 815, 728, 670, 526, 428, 345, 309, 266, 219, 202, 176, 117, 127, 93, 95, 58, 68, 44, 63, 42, 43, 43, 31, 36, 33, 38, 43, 32, 48, 41, 32, 39, 30, 34, 24, 17, 16, 16, 16, 8, 7, 11, 4, 1, 4, 3, 23, 59, 57, 65, 64, 60, 49, 45, 43, 21, 28, 24, 20, 14, 10, 7, 7, 4, 5, 5, 4, 3, 5, 4, 3, 3, 1, 1, 2, 1, 1, 1, 0, 0, 1, 1, 0, 1, 0, 1, 0, 0, 0, 1, 1, 0, 0, 0, 1, 0, 1]
bin_edges:
 [0.0, 5000.0, 10000.0, 15000.0, 20000.0, 25000.0, 30000.0, 35000.0, 40000.0, 45000.0, 50000.0, 55000.0, 60000.0, 65000.0, 70000.0, 75000.0, 80000.0, 85000.0, 90000.0, 95000.0, 100000.0, 105000.0, 110000.0, 115000.0, 120000.0, 125000.0, 130000.0, 135000.0, 140000.0, 145000.0, 150000.0, 155000.0, 160000.0, 165000.0, 170000.0, 175000.0, 180000.0, 185000.0, 190000.0, 195000.0, 200000.0, 205000.0, 210000.0, 215000.0, 220000.0, 225000.0, 230000.0, 235000.0, 240000.0, 245000.0, 250000.0, 255000.0, 260000.0, 265000.0, 270000.0, 275000.0, 280000.0, 285000.0, 290000.0, 295000.0, 300000.0, 305000.0, 310000.0, 315000.0, 320000.0, 325000.0, 330000.0, 335000.0, 340000.0, 345000.0, 350000.0, 355000.0, 360000.0, 365000.0, 370000.0, 375000.0, 380000.0, 385000.0, 390000.0, 395000.0, 400000.0, 405000.0, 410000.0, 415000.0, 420000.0, 425000.0, 430000.0, 435000.0, 440000.0, 445000.0, 450000.0, 455000.0, 460000.0, 465000.0, 470000.0, 475000.0, 480000.0, 485000.0, 490000.0, 495000.0, 500000.0, 505000.0, 510000.0, 515000.0, 520000.0, 525000.0, 530000.0, 535000.0, 540000.0, 545000.0, 550000.0, 555000.0, 560000.0, 565000.0, 570000.0, 575000.0]


===========
ii= 3, unemployment rate= 11.000000

county income, mean = $25,599
county income, median = $14,460


family income, mean = $51,197
family income, median = $39,400

  percentile =   0,  person income = $          10
  percentile =   5,  person income = $       1,000
  percentile =  10,  person income = $       2,000
  percentile =  15,  person income = $       3,500
  percentile =  20,  person income = $       5,000
  percentile =  25,  person income = $       6,300
  percentile =  30,  person income = $       7,500
  percentile =  35,  person income = $       8,400
  percentile =  40,  person income = $      10,000
  percentile =  45,  person income = $      12,000
  percentile =  50,  person income = $      14,460
  percentile =  55,  person income = $      17,100
  percentile =  60,  person income = $      20,200
  percentile =  65,  person income = $      24,000
  percentile =  70,  person income = $      29,550
  percentile =  75,  person income = $      35,000
  percentile =  80,  person income = $      40,000
  percentile =  85,  person income = $      47,000
  percentile =  90,  person income = $      56,400
  percentile =  95,  person income = $      76,600
  percentile = 100,  person income = $     418,000


  percentile =   0,  family income = $          90
  percentile =   5,  family income = $       7,500
  percentile =  10,  family income = $      10,800
  percentile =  15,  family income = $      13,900
  percentile =  20,  family income = $      16,700
  percentile =  25,  family income = $      20,000
  percentile =  30,  family income = $      23,300
  percentile =  35,  family income = $      27,000
  percentile =  40,  family income = $      30,900
  percentile =  45,  family income = $      35,000
  percentile =  50,  family income = $      39,400
  percentile =  55,  family income = $      43,680
  percentile =  60,  family income = $      48,000
  percentile =  65,  family income = $      52,600
  percentile =  70,  family income = $      58,100
  percentile =  75,  family income = $      64,792
  percentile =  80,  family income = $      73,000
  percentile =  85,  family income = $      83,100
  percentile =  90,  family income = $      98,500
  percentile =  95,  family income = $     127,600
  percentile = 100,  family income = $     568,000


len bins=  115

Max = 568,000.0, max bin=570,000.0
hist:
 [1208, 3037, 4099, 4138, 3597, 3319, 3057, 2828, 2919, 2827, 2563, 2082, 1878, 1573, 1403, 1228, 1041, 881, 784, 714, 583, 534, 457, 327, 277, 252, 246, 176, 144, 125, 108, 90, 86, 72, 56, 49, 66, 43, 41, 32, 34, 36, 29, 42, 36, 16, 40, 39, 28, 13, 17, 29, 18, 21, 14, 16, 11, 8, 5, 2, 5, 6, 4, 4, 22, 47, 56, 53, 66, 63, 40, 38, 34, 23, 22, 11, 20, 14, 5, 9, 9, 3, 3, 6, 9, 6, 2, 7, 2, 3, 2, 0, 1, 2, 0, 1, 1, 0, 1, 2, 0, 0, 0, 0, 0, 0, 0, 2, 0, 0, 0, 1, 0, 1]
bin_edges:
 [0.0, 5000.0, 10000.0, 15000.0, 20000.0, 25000.0, 30000.0, 35000.0, 40000.0, 45000.0, 50000.0, 55000.0, 60000.0, 65000.0, 70000.0, 75000.0, 80000.0, 85000.0, 90000.0, 95000.0, 100000.0, 105000.0, 110000.0, 115000.0, 120000.0, 125000.0, 130000.0, 135000.0, 140000.0, 145000.0, 150000.0, 155000.0, 160000.0, 165000.0, 170000.0, 175000.0, 180000.0, 185000.0, 190000.0, 195000.0, 200000.0, 205000.0, 210000.0, 215000.0, 220000.0, 225000.0, 230000.0, 235000.0, 240000.0, 245000.0, 250000.0, 255000.0, 260000.0, 265000.0, 270000.0, 275000.0, 280000.0, 285000.0, 290000.0, 295000.0, 300000.0, 305000.0, 310000.0, 315000.0, 320000.0, 325000.0, 330000.0, 335000.0, 340000.0, 345000.0, 350000.0, 355000.0, 360000.0, 365000.0, 370000.0, 375000.0, 380000.0, 385000.0, 390000.0, 395000.0, 400000.0, 405000.0, 410000.0, 415000.0, 420000.0, 425000.0, 430000.0, 435000.0, 440000.0, 445000.0, 450000.0, 455000.0, 460000.0, 465000.0, 470000.0, 475000.0, 480000.0, 485000.0, 490000.0, 495000.0, 500000.0, 505000.0, 510000.0, 515000.0, 520000.0, 525000.0, 530000.0, 535000.0, 540000.0, 545000.0, 550000.0, 555000.0, 560000.0, 565000.0, 570000.0]


===========
ii= 4, unemployment rate= 15.000000

county income, mean = $24,675
county income, median = $13,200


family income, mean = $49,350
family income, median = $37,400

  percentile =   0,  person income = $          10
  percentile =   5,  person income = $         800
  percentile =  10,  person income = $       1,900
  percentile =  15,  person income = $       3,000
  percentile =  20,  person income = $       4,700
  percentile =  25,  person income = $       6,000
  percentile =  30,  person income = $       7,000
  percentile =  35,  person income = $       8,100
  percentile =  40,  person income = $       9,100
  percentile =  45,  person income = $      10,200
  percentile =  50,  person income = $      13,200
  percentile =  55,  person income = $      15,600
  percentile =  60,  person income = $      19,000
  percentile =  65,  person income = $      23,000
  percentile =  70,  person income = $      27,700
  percentile =  75,  person income = $      33,600
  percentile =  80,  person income = $      39,670
  percentile =  85,  person income = $      45,000
  percentile =  90,  person income = $      55,000
  percentile =  95,  person income = $      75,000
  percentile = 100,  person income = $     418,000


  percentile =   0,  family income = $          50
  percentile =   5,  family income = $       7,040
  percentile =  10,  family income = $      10,100
  percentile =  15,  family income = $      13,000
  percentile =  20,  family income = $      15,600
  percentile =  25,  family income = $      18,500
  percentile =  30,  family income = $      21,800
  percentile =  35,  family income = $      25,200
  percentile =  40,  family income = $      29,000
  percentile =  45,  family income = $      33,000
  percentile =  50,  family income = $      37,400
  percentile =  55,  family income = $      41,800
  percentile =  60,  family income = $      46,200
  percentile =  65,  family income = $      50,900
  percentile =  70,  family income = $      56,000
  percentile =  75,  family income = $      62,300
  percentile =  80,  family income = $      70,000
  percentile =  85,  family income = $      80,000
  percentile =  90,  family income = $      95,300
  percentile =  95,  family income = $     124,200
  percentile = 100,  family income = $     674,000


len bins=  136

Max = 674,000.0, max bin=675,000.0
hist:
 [1344, 3411, 4599, 4198, 3735, 3314, 2997, 2785, 2869, 2678, 2542, 1987, 1861, 1590, 1379, 1136, 1007, 786, 707, 590, 588, 490, 373, 313, 240, 231, 224, 176, 121, 113, 105, 86, 73, 64, 35, 44, 55, 43, 29, 40, 32, 36, 29, 34, 27, 34, 38, 27, 25, 25, 20, 35, 25, 16, 7, 11, 6, 9, 4, 5, 2, 3, 4, 3, 20, 38, 62, 57, 66, 72, 39, 36, 25, 22, 18, 18, 20, 13, 18, 9, 6, 4, 5, 3, 8, 5, 2, 5, 0, 0, 1, 2, 1, 0, 0, 0, 0, 0, 0, 0, 0, 1, 1, 0, 1, 1, 1, 0, 0, 1, 0, 0, 0, 0, 0, 1, 0, 0, 0, 0, 0, 0, 0, 0, 0, 0, 0, 0, 0, 1, 0, 0, 1, 0, 1]
bin_edges:
 [0.0, 5000.0, 10000.0, 15000.0, 20000.0, 25000.0, 30000.0, 35000.0, 40000.0, 45000.0, 50000.0, 55000.0, 60000.0, 65000.0, 70000.0, 75000.0, 80000.0, 85000.0, 90000.0, 95000.0, 100000.0, 105000.0, 110000.0, 115000.0, 120000.0, 125000.0, 130000.0, 135000.0, 140000.0, 145000.0, 150000.0, 155000.0, 160000.0, 165000.0, 170000.0, 175000.0, 180000.0, 185000.0, 190000.0, 195000.0, 200000.0, 205000.0, 210000.0, 215000.0, 220000.0, 225000.0, 230000.0, 235000.0, 240000.0, 245000.0, 250000.0, 255000.0, 260000.0, 265000.0, 270000.0, 275000.0, 280000.0, 285000.0, 290000.0, 295000.0, 300000.0, 305000.0, 310000.0, 315000.0, 320000.0, 325000.0, 330000.0, 335000.0, 340000.0, 345000.0, 350000.0, 355000.0, 360000.0, 365000.0, 370000.0, 375000.0, 380000.0, 385000.0, 390000.0, 395000.0, 400000.0, 405000.0, 410000.0, 415000.0, 420000.0, 425000.0, 430000.0, 435000.0, 440000.0, 445000.0, 450000.0, 455000.0, 460000.0, 465000.0, 470000.0, 475000.0, 480000.0, 485000.0, 490000.0, 495000.0, 500000.0, 505000.0, 510000.0, 515000.0, 520000.0, 525000.0, 530000.0, 535000.0, 540000.0, 545000.0, 550000.0, 555000.0, 560000.0, 565000.0, 570000.0, 575000.0, 580000.0, 585000.0, 590000.0, 595000.0, 600000.0, 605000.0, 610000.0, 615000.0, 620000.0, 625000.0, 630000.0, 635000.0, 640000.0, 645000.0, 650000.0, 655000.0, 660000.0, 665000.0, 670000.0, 675000.0]


===========
ii= 5, unemployment rate= 20.000000

county income, mean = $23,479
county income, median = $11,500


family income, mean = $46,957
family income, median = $34,610

  percentile =   0,  person income = $          10
  percentile =   5,  person income = $         800
  percentile =  10,  person income = $       1,500
  percentile =  15,  person income = $       3,000
  percentile =  20,  person income = $       4,300
  percentile =  25,  person income = $       5,700
  percentile =  30,  person income = $       6,600
  percentile =  35,  person income = $       7,800
  percentile =  40,  person income = $       8,400
  percentile =  45,  person income = $       9,800
  percentile =  50,  person income = $      11,500
  percentile =  55,  person income = $      14,400
  percentile =  60,  person income = $      18,000
  percentile =  65,  person income = $      21,200
  percentile =  70,  person income = $      25,400
  percentile =  75,  person income = $      31,200
  percentile =  80,  person income = $      38,000
  percentile =  85,  person income = $      43,600
  percentile =  90,  person income = $      52,200
  percentile =  95,  person income = $      72,000
  percentile = 100,  person income = $     418,000


  percentile =   0,  family income = $          60
  percentile =   5,  family income = $       6,500
  percentile =  10,  family income = $       9,400
  percentile =  15,  family income = $      11,800
  percentile =  20,  family income = $      14,336
  percentile =  25,  family income = $      16,872
  percentile =  30,  family income = $      19,800
  percentile =  35,  family income = $      23,000
  percentile =  40,  family income = $      26,700
  percentile =  45,  family income = $      30,500
  percentile =  50,  family income = $      34,610
  percentile =  55,  family income = $      39,200
  percentile =  60,  family income = $      43,700
  percentile =  65,  family income = $      48,400
  percentile =  70,  family income = $      53,600
  percentile =  75,  family income = $      60,000
  percentile =  80,  family income = $      67,400
  percentile =  85,  family income = $      77,717
  percentile =  90,  family income = $      92,800
  percentile =  95,  family income = $     120,050
  percentile = 100,  family income = $     666,000


len bins=  135

Max = 666,000.0, max bin=670,000.0
hist:
 [1567, 3874, 5098, 4516, 3722, 3297, 3060, 2688, 2840, 2549, 2339, 1935, 1746, 1463, 1192, 1039, 965, 718, 653, 596, 501, 463, 350, 304, 275, 187, 219, 157, 121, 104, 96, 74, 59, 53, 53, 39, 51, 32, 24, 17, 23, 27, 29, 33, 42, 24, 35, 34, 29, 16, 20, 24, 19, 16, 10, 8, 9, 7, 4, 2, 6, 4, 1, 1, 36, 39, 58, 57, 59, 58, 55, 25, 25, 24, 19, 10, 18, 6, 7, 6, 6, 2, 4, 2, 3, 7, 2, 1, 0, 0, 3, 2, 1, 1, 0, 0, 0, 0, 0, 1, 0, 0, 0, 0, 0, 0, 0, 0, 0, 0, 0, 0, 0, 0, 0, 0, 0, 0, 0, 0, 0, 0, 0, 0, 0, 0, 0, 0, 0, 1, 0, 1, 1, 1]
bin_edges:
 [0.0, 5000.0, 10000.0, 15000.0, 20000.0, 25000.0, 30000.0, 35000.0, 40000.0, 45000.0, 50000.0, 55000.0, 60000.0, 65000.0, 70000.0, 75000.0, 80000.0, 85000.0, 90000.0, 95000.0, 100000.0, 105000.0, 110000.0, 115000.0, 120000.0, 125000.0, 130000.0, 135000.0, 140000.0, 145000.0, 150000.0, 155000.0, 160000.0, 165000.0, 170000.0, 175000.0, 180000.0, 185000.0, 190000.0, 195000.0, 200000.0, 205000.0, 210000.0, 215000.0, 220000.0, 225000.0, 230000.0, 235000.0, 240000.0, 245000.0, 250000.0, 255000.0, 260000.0, 265000.0, 270000.0, 275000.0, 280000.0, 285000.0, 290000.0, 295000.0, 300000.0, 305000.0, 310000.0, 315000.0, 320000.0, 325000.0, 330000.0, 335000.0, 340000.0, 345000.0, 350000.0, 355000.0, 360000.0, 365000.0, 370000.0, 375000.0, 380000.0, 385000.0, 390000.0, 395000.0, 400000.0, 405000.0, 410000.0, 415000.0, 420000.0, 425000.0, 430000.0, 435000.0, 440000.0, 445000.0, 450000.0, 455000.0, 460000.0, 465000.0, 470000.0, 475000.0, 480000.0, 485000.0, 490000.0, 495000.0, 500000.0, 505000.0, 510000.0, 515000.0, 520000.0, 525000.0, 530000.0, 535000.0, 540000.0, 545000.0, 550000.0, 555000.0, 560000.0, 565000.0, 570000.0, 575000.0, 580000.0, 585000.0, 590000.0, 595000.0, 600000.0, 605000.0, 610000.0, 615000.0, 620000.0, 625000.0, 630000.0, 635000.0, 640000.0, 645000.0, 650000.0, 655000.0, 660000.0, 665000.0, 670000.0]


===========
ii= 6, unemployment rate= 25.000000

county income, mean = $22,248
county income, median = $10,000


family income, mean = $44,497
family income, median = $31,915

  percentile =   0,  person income = $          10
  percentile =   5,  person income = $         650
  percentile =  10,  person income = $       1,300
  percentile =  15,  person income = $       2,500
  percentile =  20,  person income = $       4,000
  percentile =  25,  person income = $       5,000
  percentile =  30,  person income = $       6,000
  percentile =  35,  person income = $       7,000
  percentile =  40,  person income = $       8,020
  percentile =  45,  person income = $       9,000
  percentile =  50,  person income = $      10,000
  percentile =  55,  person income = $      12,400
  percentile =  60,  person income = $      15,400
  percentile =  65,  person income = $      19,400
  percentile =  70,  person income = $      24,000
  percentile =  75,  person income = $      29,750
  percentile =  80,  person income = $      35,030
  percentile =  85,  person income = $      41,600
  percentile =  90,  person income = $      51,000
  percentile =  95,  person income = $      70,010
  percentile = 100,  person income = $     418,000


  percentile =   0,  family income = $          20
  percentile =   5,  family income = $       6,100
  percentile =  10,  family income = $       8,700
  percentile =  15,  family income = $      10,800
  percentile =  20,  family income = $      13,000
  percentile =  25,  family income = $      15,240
  percentile =  30,  family income = $      17,627
  percentile =  35,  family income = $      20,700
  percentile =  40,  family income = $      24,200
  percentile =  45,  family income = $      27,900
  percentile =  50,  family income = $      31,915
  percentile =  55,  family income = $      36,500
  percentile =  60,  family income = $      41,100
  percentile =  65,  family income = $      46,000
  percentile =  70,  family income = $      51,000
  percentile =  75,  family income = $      57,200
  percentile =  80,  family income = $      64,800
  percentile =  85,  family income = $      74,204
  percentile =  90,  family income = $      89,000
  percentile =  95,  family income = $     114,900
  percentile = 100,  family income = $     666,000


len bins=  135

Max = 666,000.0, max bin=670,000.0
hist:
 [1777, 4638, 5680, 4734, 3700, 3263, 2794, 2623, 2772, 2416, 2193, 1820, 1618, 1469, 1116, 936, 882, 673, 622, 550, 488, 402, 336, 253, 199, 181, 166, 123, 118, 77, 86, 76, 48, 51, 34, 53, 48, 31, 27, 30, 23, 32, 33, 33, 23, 22, 41, 40, 30, 10, 11, 20, 20, 18, 10, 6, 6, 8, 3, 3, 2, 4, 0, 2, 17, 63, 45, 63, 55, 60, 42, 20, 16, 25, 14, 9, 11, 9, 3, 5, 8, 3, 3, 3, 4, 4, 1, 2, 2, 0, 0, 0, 1, 2, 1, 0, 0, 0, 0, 1, 0, 0, 0, 0, 1, 0, 0, 0, 1, 0, 0, 0, 0, 0, 0, 0, 0, 0, 0, 0, 0, 0, 0, 0, 0, 0, 0, 0, 0, 0, 0, 1, 1, 1]
bin_edges:
 [0.0, 5000.0, 10000.0, 15000.0, 20000.0, 25000.0, 30000.0, 35000.0, 40000.0, 45000.0, 50000.0, 55000.0, 60000.0, 65000.0, 70000.0, 75000.0, 80000.0, 85000.0, 90000.0, 95000.0, 100000.0, 105000.0, 110000.0, 115000.0, 120000.0, 125000.0, 130000.0, 135000.0, 140000.0, 145000.0, 150000.0, 155000.0, 160000.0, 165000.0, 170000.0, 175000.0, 180000.0, 185000.0, 190000.0, 195000.0, 200000.0, 205000.0, 210000.0, 215000.0, 220000.0, 225000.0, 230000.0, 235000.0, 240000.0, 245000.0, 250000.0, 255000.0, 260000.0, 265000.0, 270000.0, 275000.0, 280000.0, 285000.0, 290000.0, 295000.0, 300000.0, 305000.0, 310000.0, 315000.0, 320000.0, 325000.0, 330000.0, 335000.0, 340000.0, 345000.0, 350000.0, 355000.0, 360000.0, 365000.0, 370000.0, 375000.0, 380000.0, 385000.0, 390000.0, 395000.0, 400000.0, 405000.0, 410000.0, 415000.0, 420000.0, 425000.0, 430000.0, 435000.0, 440000.0, 445000.0, 450000.0, 455000.0, 460000.0, 465000.0, 470000.0, 475000.0, 480000.0, 485000.0, 490000.0, 495000.0, 500000.0, 505000.0, 510000.0, 515000.0, 520000.0, 525000.0, 530000.0, 535000.0, 540000.0, 545000.0, 550000.0, 555000.0, 560000.0, 565000.0, 570000.0, 575000.0, 580000.0, 585000.0, 590000.0, 595000.0, 600000.0, 605000.0, 610000.0, 615000.0, 620000.0, 625000.0, 630000.0, 635000.0, 640000.0, 645000.0, 650000.0, 655000.0, 660000.0, 665000.0, 670000.0]


===========
ii= 7, unemployment rate= 30.000000

county income, mean = $21,334
county income, median = $9,530


family income, mean = $42,667
family income, median = $29,600

  percentile =   0,  person income = $          10
  percentile =   5,  person income = $         600
  percentile =  10,  person income = $       1,100
  percentile =  15,  person income = $       2,500
  percentile =  20,  person income = $       3,600
  percentile =  25,  person income = $       4,900
  percentile =  30,  person income = $       6,000
  percentile =  35,  person income = $       6,900
  percentile =  40,  person income = $       7,900
  percentile =  45,  person income = $       8,300
  percentile =  50,  person income = $       9,530
  percentile =  55,  person income = $      10,500
  percentile =  60,  person income = $      14,004
  percentile =  65,  person income = $      17,850
  percentile =  70,  person income = $      21,700
  percentile =  75,  person income = $      27,200
  percentile =  80,  person income = $      34,400
  percentile =  85,  person income = $      40,100
  percentile =  90,  person income = $      50,000
  percentile =  95,  person income = $      70,000
  percentile = 100,  person income = $     418,000


  percentile =   0,  family income = $          20
  percentile =   5,  family income = $       5,500
  percentile =  10,  family income = $       8,100
  percentile =  15,  family income = $      10,080
  percentile =  20,  family income = $      12,000
  percentile =  25,  family income = $      14,055
  percentile =  30,  family income = $      16,101
  percentile =  35,  family income = $      18,700
  percentile =  40,  family income = $      22,000
  percentile =  45,  family income = $      25,600
  percentile =  50,  family income = $      29,600
  percentile =  55,  family income = $      34,000
  percentile =  60,  family income = $      39,000
  percentile =  65,  family income = $      43,650
  percentile =  70,  family income = $      49,000
  percentile =  75,  family income = $      55,000
  percentile =  80,  family income = $      62,050
  percentile =  85,  family income = $      72,000
  percentile =  90,  family income = $      86,600
  percentile =  95,  family income = $     112,100
  percentile = 100,  family income = $     676,000


len bins=  137

Max = 676,000.0, max bin=680,000.0
hist:
 [2063, 5173, 6240, 4974, 3543, 3188, 2756, 2524, 2696, 2288, 2024, 1769, 1493, 1321, 998, 913, 775, 652, 597, 525, 462, 378, 272, 239, 199, 190, 137, 109, 94, 86, 89, 64, 50, 41, 34, 34, 40, 36, 27, 28, 21, 30, 26, 24, 29, 24, 37, 29, 28, 14, 14, 31, 13, 13, 12, 10, 3, 2, 4, 3, 1, 4, 4, 3, 33, 59, 52, 53, 61, 51, 50, 20, 19, 15, 12, 12, 10, 8, 6, 1, 5, 4, 3, 4, 6, 2, 2, 1, 0, 1, 2, 0, 1, 1, 0, 0, 0, 0, 0, 1, 0, 0, 0, 0, 0, 0, 0, 0, 0, 0, 2, 0, 1, 0, 0, 0, 0, 0, 0, 0, 0, 0, 0, 0, 0, 0, 0, 0, 0, 0, 0, 0, 0, 1, 0, 1]
bin_edges:
 [0.0, 5000.0, 10000.0, 15000.0, 20000.0, 25000.0, 30000.0, 35000.0, 40000.0, 45000.0, 50000.0, 55000.0, 60000.0, 65000.0, 70000.0, 75000.0, 80000.0, 85000.0, 90000.0, 95000.0, 100000.0, 105000.0, 110000.0, 115000.0, 120000.0, 125000.0, 130000.0, 135000.0, 140000.0, 145000.0, 150000.0, 155000.0, 160000.0, 165000.0, 170000.0, 175000.0, 180000.0, 185000.0, 190000.0, 195000.0, 200000.0, 205000.0, 210000.0, 215000.0, 220000.0, 225000.0, 230000.0, 235000.0, 240000.0, 245000.0, 250000.0, 255000.0, 260000.0, 265000.0, 270000.0, 275000.0, 280000.0, 285000.0, 290000.0, 295000.0, 300000.0, 305000.0, 310000.0, 315000.0, 320000.0, 325000.0, 330000.0, 335000.0, 340000.0, 345000.0, 350000.0, 355000.0, 360000.0, 365000.0, 370000.0, 375000.0, 380000.0, 385000.0, 390000.0, 395000.0, 400000.0, 405000.0, 410000.0, 415000.0, 420000.0, 425000.0, 430000.0, 435000.0, 440000.0, 445000.0, 450000.0, 455000.0, 460000.0, 465000.0, 470000.0, 475000.0, 480000.0, 485000.0, 490000.0, 495000.0, 500000.0, 505000.0, 510000.0, 515000.0, 520000.0, 525000.0, 530000.0, 535000.0, 540000.0, 545000.0, 550000.0, 555000.0, 560000.0, 565000.0, 570000.0, 575000.0, 580000.0, 585000.0, 590000.0, 595000.0, 600000.0, 605000.0, 610000.0, 615000.0, 620000.0, 625000.0, 630000.0, 635000.0, 640000.0, 645000.0, 650000.0, 655000.0, 660000.0, 665000.0, 670000.0, 675000.0, 680000.0]
